  main.cpp
\\banner.main.ad.rit.edu\students\txk6171\igmprofile\documents\dsa2\proceduralmodels\proceduralmodels\generatemodels.h(128): warning C4244: 'initializing': conversion from 'int' to 'float', possible loss of data
\\banner.main.ad.rit.edu\students\txk6171\igmprofile\documents\dsa2\proceduralmodels\proceduralmodels\generatemodels.h(130): warning C4244: 'initializing': conversion from 'double' to 'float', possible loss of data
\\banner.main.ad.rit.edu\students\txk6171\igmprofile\documents\dsa2\proceduralmodels\proceduralmodels\generatemodels.h(139): warning C4244: 'initializing': conversion from 'double' to 'float', possible loss of data
\\banner.main.ad.rit.edu\students\txk6171\igmprofile\documents\dsa2\proceduralmodels\proceduralmodels\generatemodels.h(140): warning C4244: 'initializing': conversion from 'double' to 'float', possible loss of data
\\banner.main.ad.rit.edu\students\txk6171\igmprofile\documents\dsa2\proceduralmodels\proceduralmodels\generatemodels.h(165): warning C4244: 'initializing': conversion from 'int' to 'float', possible loss of data
\\banner.main.ad.rit.edu\students\txk6171\igmprofile\documents\dsa2\proceduralmodels\proceduralmodels\generatemodels.h(183): warning C4244: 'initializing': conversion from 'double' to 'float', possible loss of data
\\banner.main.ad.rit.edu\students\txk6171\igmprofile\documents\dsa2\proceduralmodels\proceduralmodels\generatemodels.h(184): warning C4244: 'initializing': conversion from 'double' to 'float', possible loss of data
\\banner.main.ad.rit.edu\students\txk6171\igmprofile\documents\dsa2\proceduralmodels\proceduralmodels\generatemodels.h(246): warning C4244: '=': conversion from 'double' to 'float', possible loss of data
\\banner.main.ad.rit.edu\students\txk6171\igmprofile\documents\dsa2\proceduralmodels\proceduralmodels\generatemodels.h(247): warning C4244: '=': conversion from 'double' to 'float', possible loss of data
\\banner.main.ad.rit.edu\students\txk6171\igmprofile\documents\dsa2\proceduralmodels\proceduralmodels\generatemodels.h(248): warning C4244: '=': conversion from 'double' to 'float', possible loss of data
\\banner.main.ad.rit.edu\students\txk6171\igmprofile\documents\dsa2\proceduralmodels\proceduralmodels\generatemodels.h(261): warning C4244: '=': conversion from 'double' to 'float', possible loss of data
\\banner.main.ad.rit.edu\students\txk6171\igmprofile\documents\dsa2\proceduralmodels\proceduralmodels\generatemodels.h(262): warning C4244: '=': conversion from 'double' to 'float', possible loss of data
\\banner.main.ad.rit.edu\students\txk6171\igmprofile\documents\dsa2\proceduralmodels\proceduralmodels\generatemodels.h(263): warning C4244: '=': conversion from 'double' to 'float', possible loss of data
\\banner.main.ad.rit.edu\students\txk6171\igmprofile\documents\dsa2\proceduralmodels\proceduralmodels\generatemodels.h(276): warning C4244: '=': conversion from 'double' to 'float', possible loss of data
\\banner.main.ad.rit.edu\students\txk6171\igmprofile\documents\dsa2\proceduralmodels\proceduralmodels\generatemodels.h(277): warning C4244: '=': conversion from 'double' to 'float', possible loss of data
\\banner.main.ad.rit.edu\students\txk6171\igmprofile\documents\dsa2\proceduralmodels\proceduralmodels\generatemodels.h(278): warning C4244: '=': conversion from 'double' to 'float', possible loss of data
\\banner.main.ad.rit.edu\students\txk6171\igmprofile\documents\dsa2\proceduralmodels\proceduralmodels\generatemodels.h(332): warning C4244: 'initializing': conversion from 'float' to 'int', possible loss of data
  ProceduralModels.vcxproj -> \\banner.main.ad.rit.edu\students\txk6171\IGMProfile\Documents\DSA2\ProceduralModels\Debug\ProceduralModels.exe
  ProceduralModels.vcxproj -> \\banner.main.ad.rit.edu\students\txk6171\IGMProfile\Documents\DSA2\ProceduralModels\Debug\ProceduralModels.pdb (Full PDB)
